# JRE version: OpenJDK Runtime Environment (11.0.12+7) (build 11.0.12+7-b1504.28-7817840)
# Java VM: OpenJDK 64-Bit Server VM (11.0.12+7-b1504.28-7817840, mixed mode, tiered, compressed oops, g1 gc, windows-amd64)
Heap:
 garbage-first heap   total 98304K, used 25625K [0x0000000080000000, 0x0000000100000000)
  region size 1024K, 11 young (11264K), 2 survivors (2048K)
 Metaspace       used 21706K, capacity 22207K, committed 22320K, reserved 1069056K
  class space    used 2714K, capacity 2901K, committed 2944K, reserved 1048576K
GC Heap History (6 events):
Event: 6.554 GC heap before
{Heap before GC invocations=0 (full 0):
 garbage-first heap   total 98304K, used 29696K [0x0000000080000000, 0x0000000100000000)
  region size 1024K, 24 young (24576K), 0 survivors (0K)
 Metaspace       used 10261K, capacity 10561K, committed 10624K, reserved 1058816K
  class space    used 1069K, capacity 1139K, committed 1152K, reserved 1048576K
}
Event: 6.605 GC heap after
{Heap after GC invocations=1 (full 0):
 garbage-first heap   total 98304K, used 9567K [0x0000000080000000, 0x0000000100000000)
  region size 1024K, 3 young (3072K), 3 survivors (3072K)
 Metaspace       used 10261K, capacity 10561K, committed 10624K, reserved 1058816K
  class space    used 1069K, capacity 1139K, committed 1152K, reserved 1048576K
}
Event: 11.465 GC heap before
{Heap before GC invocations=1 (full 0):
 garbage-first heap   total 98304K, used 64863K [0x0000000080000000, 0x0000000100000000)
  region size 1024K, 57 young (58368K), 3 survivors (3072K)
 Metaspace       used 13883K, capacity 14277K, committed 14464K, reserved 1062912K
  class space    used 1535K, capacity 1654K, committed 1664K, reserved 1048576K
}
Event: 11.485 GC heap after
{Heap after GC invocations=2 (full 0):
 garbage-first heap   total 98304K, used 15651K [0x0000000080000000, 0x0000000100000000)
  region size 1024K, 8 young (8192K), 8 survivors (8192K)
 Metaspace       used 13883K, capacity 14277K, committed 14464K, reserved 1062912K
  class space    used 1535K, capacity 1654K, committed 1664K, reserved 1048576K
}
Event: 17.023 GC heap before
{Heap before GC invocations=2 (full 0):
 garbage-first heap   total 98304K, used 59683K [0x0000000080000000, 0x0000000100000000)
  region size 1024K, 52 young (53248K), 8 survivors (8192K)
 Metaspace       used 20628K, capacity 21113K, committed 21296K, reserved 1069056K
  class space    used 2536K, capacity 2680K, committed 2688K, reserved 1048576K
}
Event: 17.046 GC heap after
{Heap after GC invocations=3 (full 0):
 garbage-first heap   total 98304K, used 17433K [0x0000000080000000, 0x0000000100000000)
  region size 1024K, 2 young (2048K), 2 survivors (2048K)
 Metaspace       used 20628K, capacity 21113K, committed 21296K, reserved 1069056K
  class space    used 2536K, capacity 2680K, committed 2688K, reserved 1048576K
}

